[0404/175701.839:ERROR:process_reader_win.cc(151)] SuspendThread: Access is denied. (0x5)
[0404/175701.842:ERROR:process_reader_win.cc(151)] SuspendThread: Access is denied. (0x5)
[0404/175701.842:ERROR:exception_snapshot_win.cc(88)] thread ID 13400 not found in process
[0408/124212.511:ERROR:file_io_win.cc(161)] CreateFile C:\Users\SUDHEE~1\AppData\Local\Temp\scoped_dir2504_17868\Crashpad\settings.dat: The system cannot find the path specified. (0x3)
[0408/124212.514:ERROR:file_io_win.cc(170)] CreateFile C:\Users\SUDHEE~1\AppData\Local\Temp\scoped_dir2504_17868\Crashpad\reports\428e3d20-b494-44d7-8178-91024045c18b.dmp: The system cannot find the path specified. (0x3)
[0408/124212.514:ERROR:crash_report_exception_handler.cc(97)] PrepareNewCrashReport failed
[0410/113007.739:ERROR:file_io_win.cc(161)] CreateFile C:\Users\SUDHEE~1\AppData\Local\Temp\scoped_dir16004_10481\Crashpad\settings.dat: The system cannot find the path specified. (0x3)
[0410/113007.760:ERROR:file_io_win.cc(170)] CreateFile C:\Users\SUDHEE~1\AppData\Local\Temp\scoped_dir16004_10481\Crashpad\reports\a354079b-a118-405f-ae4c-87dc94850699.dmp: The system cannot find the path specified. (0x3)
[0410/113007.760:ERROR:crash_report_exception_handler.cc(97)] PrepareNewCrashReport failed
[0410/125030.668:ERROR:file_io_win.cc(161)] CreateFile C:\Users\SUDHEE~1\AppData\Local\Temp\scoped_dir10504_26437\Crashpad\settings.dat: The system cannot find the path specified. (0x3)
[0410/125030.686:ERROR:file_io_win.cc(170)] CreateFile C:\Users\SUDHEE~1\AppData\Local\Temp\scoped_dir10504_26437\Crashpad\reports\e6e6478b-2d58-433c-b4cf-d11fb1a691ae.dmp: The system cannot find the path specified. (0x3)
[0410/125030.686:ERROR:crash_report_exception_handler.cc(97)] PrepareNewCrashReport failed
[0416/160245.756:ERROR:file_io_win.cc(161)] CreateFile C:\Users\SUDHEE~1\AppData\Local\Temp\scoped_dir2760_23445\Crashpad\settings.dat: The system cannot find the path specified. (0x3)
[0416/160245.782:ERROR:file_io_win.cc(170)] CreateFile C:\Users\SUDHEE~1\AppData\Local\Temp\scoped_dir2760_23445\Crashpad\reports\423538d8-7e33-462f-b317-84b0f4909476.dmp: The system cannot find the path specified. (0x3)
[0416/160245.782:ERROR:crash_report_exception_handler.cc(97)] PrepareNewCrashReport failed
[0416/161902.984:ERROR:file_io_win.cc(161)] CreateFile C:\Users\SUDHEE~1\AppData\Local\Temp\scoped_dir1324_14399\Crashpad\settings.dat: The system cannot find the file specified. (0x2)
[0416/165005.501:ERROR:file_io_win.cc(161)] CreateFile C:\Users\SUDHEE~1\AppData\Local\Temp\scoped_dir3812_20695\Crashpad\settings.dat: The system cannot find the file specified. (0x2)
[0416/165442.166:ERROR:file_io_win.cc(161)] CreateFile C:\Users\SUDHEE~1\AppData\Local\Temp\scoped_dir12164_13834\Crashpad\settings.dat: The system cannot find the file specified. (0x2)
[0416/171239.216:ERROR:file_io_win.cc(161)] CreateFile C:\Users\SUDHEE~1\AppData\Local\Temp\scoped_dir16108_32476\Crashpad\settings.dat: The system cannot find the path specified. (0x3)
[0416/171239.218:ERROR:file_io_win.cc(170)] CreateFile C:\Users\SUDHEE~1\AppData\Local\Temp\scoped_dir16108_32476\Crashpad\reports\590c7b30-5158-426d-8ff7-5f476e9c9f98.dmp: The system cannot find the path specified. (0x3)
[0416/171239.218:ERROR:crash_report_exception_handler.cc(97)] PrepareNewCrashReport failed
[0424/124307.399:ERROR:file_io_win.cc(161)] CreateFile C:\Users\SUDHEE~1\AppData\Local\Temp\scoped_dir1520_15490\Crashpad\settings.dat: The system cannot find the path specified. (0x3)
[0424/124307.415:ERROR:file_io_win.cc(170)] CreateFile C:\Users\SUDHEE~1\AppData\Local\Temp\scoped_dir1520_15490\Crashpad\reports\af3c6cde-f0bd-4f62-9cf7-ee86526df80c.dmp: The system cannot find the path specified. (0x3)
[0424/124307.415:ERROR:crash_report_exception_handler.cc(97)] PrepareNewCrashReport failed
[0429/104101.468:ERROR:file_io_win.cc(161)] CreateFile C:\Users\SUDHEE~1\AppData\Local\Temp\scoped_dir10948_3588\Crashpad\settings.dat: The system cannot find the path specified. (0x3)
[0429/104102.227:ERROR:file_io_win.cc(170)] CreateFile C:\Users\SUDHEE~1\AppData\Local\Temp\scoped_dir10948_3588\Crashpad\reports\e569141c-4d0c-4c67-a0f2-76a6a4138946.dmp: The system cannot find the path specified. (0x3)
[0429/104102.248:ERROR:crash_report_exception_handler.cc(97)] PrepareNewCrashReport failed
[0429/114054.773:ERROR:file_io_win.cc(161)] CreateFile C:\Users\SUDHEE~1\AppData\Local\Temp\scoped_dir13032_21312\Crashpad\settings.dat: The system cannot find the path specified. (0x3)
[0429/114054.902:ERROR:file_io_win.cc(170)] CreateFile C:\Users\SUDHEE~1\AppData\Local\Temp\scoped_dir13032_21312\Crashpad\reports\e6ee7e38-9c99-4fcc-9333-8dbe3b170a93.dmp: The system cannot find the path specified. (0x3)
[0429/114054.902:ERROR:crash_report_exception_handler.cc(97)] PrepareNewCrashReport failed
[0429/134546.541:ERROR:file_io_win.cc(161)] CreateFile C:\Users\SUDHEE~1\AppData\Local\Temp\scoped_dir11312_2888\Crashpad\settings.dat: The system cannot find the path specified. (0x3)
[0429/134546.646:ERROR:file_io_win.cc(170)] CreateFile C:\Users\SUDHEE~1\AppData\Local\Temp\scoped_dir11312_2888\Crashpad\reports\e19b889f-4edd-44be-a81d-0ee1947623da.dmp: The system cannot find the path specified. (0x3)
[0429/134546.647:ERROR:crash_report_exception_handler.cc(97)] PrepareNewCrashReport failed
[0429/194245.326:ERROR:file_io_win.cc(161)] CreateFile C:\Users\SUDHEE~1\AppData\Local\Temp\scoped_dir7900_13405\Crashpad\settings.dat: The system cannot find the path specified. (0x3)
[0429/194245.600:ERROR:file_io_win.cc(170)] CreateFile C:\Users\SUDHEE~1\AppData\Local\Temp\scoped_dir7900_13405\Crashpad\reports\1d0d6db7-2ae4-4798-8066-9ae8daae926f.dmp: The system cannot find the path specified. (0x3)
[0429/194245.600:ERROR:crash_report_exception_handler.cc(97)] PrepareNewCrashReport failed
[0430/165003.760:ERROR:file_io_win.cc(161)] CreateFile C:\Users\SUDHEE~1\AppData\Local\Temp\scoped_dir4116_24299\Crashpad\settings.dat: The system cannot find the path specified. (0x3)
[0430/165003.787:ERROR:file_io_win.cc(170)] CreateFile C:\Users\SUDHEE~1\AppData\Local\Temp\scoped_dir4116_24299\Crashpad\reports\fb932eb7-6022-4065-8687-220cdfbe8831.dmp: The system cannot find the path specified. (0x3)
[0430/165003.787:ERROR:crash_report_exception_handler.cc(97)] PrepareNewCrashReport failed
[0430/181141.113:ERROR:file_io_win.cc(161)] CreateFile C:\Users\SUDHEE~1\AppData\Local\Temp\scoped_dir12256_29547\Crashpad\settings.dat: The system cannot find the path specified. (0x3)
[0430/181141.149:ERROR:file_io_win.cc(170)] CreateFile C:\Users\SUDHEE~1\AppData\Local\Temp\scoped_dir12256_29547\Crashpad\reports\16dbb8d7-6b35-4be5-99c8-fabe71588744.dmp: The system cannot find the path specified. (0x3)
[0430/181141.149:ERROR:crash_report_exception_handler.cc(97)] PrepareNewCrashReport failed
[0430/194112.043:ERROR:file_io_win.cc(161)] CreateFile C:\Users\SUDHEE~1\AppData\Local\Temp\scoped_dir14252_31423\Crashpad\settings.dat: The system cannot find the file specified. (0x2)
[0430/194904.178:ERROR:file_io_win.cc(161)] CreateFile C:\Users\SUDHEE~1\AppData\Local\Temp\scoped_dir868_24858\Crashpad\settings.dat: The system cannot find the file specified. (0x2)
[0502/112106.886:ERROR:file_io_win.cc(161)] CreateFile C:\Users\SUDHEE~1\AppData\Local\Temp\scoped_dir7928_23435\Crashpad\settings.dat: The system cannot find the path specified. (0x3)
[0502/112106.907:ERROR:file_io_win.cc(170)] CreateFile C:\Users\SUDHEE~1\AppData\Local\Temp\scoped_dir7928_23435\Crashpad\reports\01d5aa33-0971-430f-930d-35e8a233d8bf.dmp: The system cannot find the path specified. (0x3)
[0502/112106.907:ERROR:crash_report_exception_handler.cc(97)] PrepareNewCrashReport failed
[0502/113047.458:ERROR:file_io_win.cc(161)] CreateFile C:\Users\SUDHEE~1\AppData\Local\Temp\scoped_dir15916_7494\Crashpad\settings.dat: The system cannot find the path specified. (0x3)
[0502/113047.461:ERROR:file_io_win.cc(170)] CreateFile C:\Users\SUDHEE~1\AppData\Local\Temp\scoped_dir15916_7494\Crashpad\reports\9eafa508-36a8-4fa5-b523-4454aec88fcb.dmp: The system cannot find the path specified. (0x3)
[0502/113047.461:ERROR:crash_report_exception_handler.cc(97)] PrepareNewCrashReport failed
[0502/113357.441:ERROR:file_io_win.cc(161)] CreateFile C:\Users\SUDHEE~1\AppData\Local\Temp\scoped_dir13816_9805\Crashpad\settings.dat: The system cannot find the path specified. (0x3)
[0502/113357.443:ERROR:file_io_win.cc(170)] CreateFile C:\Users\SUDHEE~1\AppData\Local\Temp\scoped_dir13816_9805\Crashpad\reports\d4632c3f-f770-4592-af56-33af28e83f07.dmp: The system cannot find the path specified. (0x3)
[0502/113357.443:ERROR:crash_report_exception_handler.cc(97)] PrepareNewCrashReport failed
[0515/163401.489:ERROR:file_io_win.cc(161)] CreateFile C:\Users\SUDHEE~1\AppData\Local\Temp\scoped_dir4288_23339\Crashpad\settings.dat: The system cannot find the path specified. (0x3)
[0515/163401.493:ERROR:file_io_win.cc(170)] CreateFile C:\Users\SUDHEE~1\AppData\Local\Temp\scoped_dir4288_23339\Crashpad\reports\a8e73f1b-df62-40c5-8d36-a6b71642b600.dmp: The system cannot find the path specified. (0x3)
[0515/163401.493:ERROR:crash_report_exception_handler.cc(97)] PrepareNewCrashReport failed
[0515/175423.161:ERROR:file_io_win.cc(161)] CreateFile C:\Users\SUDHEE~1\AppData\Local\Temp\scoped_dir12220_10248\Crashpad\settings.dat: The system cannot find the path specified. (0x3)
[0515/175423.162:ERROR:file_io_win.cc(170)] CreateFile C:\Users\SUDHEE~1\AppData\Local\Temp\scoped_dir12220_10248\Crashpad\reports\5cac64fd-a606-4a0f-9bd9-fba14e8d791d.dmp: The system cannot find the path specified. (0x3)
[0515/175423.162:ERROR:crash_report_exception_handler.cc(97)] PrepareNewCrashReport failed
[0516/103134.715:ERROR:file_io_win.cc(161)] CreateFile C:\Users\SUDHEE~1\AppData\Local\Temp\scoped_dir10932_17642\Crashpad\settings.dat: The system cannot find the path specified. (0x3)
[0516/103134.716:ERROR:file_io_win.cc(170)] CreateFile C:\Users\SUDHEE~1\AppData\Local\Temp\scoped_dir10932_17642\Crashpad\reports\12877c84-40ca-4a99-8377-245e34dc823d.dmp: The system cannot find the path specified. (0x3)
[0516/103134.716:ERROR:crash_report_exception_handler.cc(97)] PrepareNewCrashReport failed
[0516/110535.445:ERROR:file_io_win.cc(161)] CreateFile C:\Users\SUDHEE~1\AppData\Local\Temp\scoped_dir20248_27653\Crashpad\settings.dat: The system cannot find the path specified. (0x3)
[0516/110535.447:ERROR:file_io_win.cc(170)] CreateFile C:\Users\SUDHEE~1\AppData\Local\Temp\scoped_dir20248_27653\Crashpad\reports\79991540-2dea-4623-b189-7cd864b573c5.dmp: The system cannot find the path specified. (0x3)
[0516/110535.447:ERROR:crash_report_exception_handler.cc(97)] PrepareNewCrashReport failed
